<?xml version="1.0" encoding="UTF-8"?>
<testng-results skipped="0" failed="0" ignored="0" total="1" passed="1">
  <reporter-output>
  </reporter-output>
  <suite name="Default suite" duration-ms="197937" started-at="2019-12-07T15:21:20Z" finished-at="2019-12-07T15:24:38Z">
    <groups>
    </groups>
    <test name="Default test" duration-ms="197937" started-at="2019-12-07T15:21:20Z" finished-at="2019-12-07T15:24:38Z">
      <class name="com.tests.EmailData">
        <test-method status="PASS" signature="setup()[pri:0, instance:com.tests.EmailData@100df86]" name="setup" is-config="true" duration-ms="26402" started-at="2019-12-07T15:21:20Z" finished-at="2019-12-07T15:21:47Z">
          <reporter-output>
          </reporter-output>
        </test-method> <!-- setup -->
        <test-method status="PASS" signature="master()[pri:0, instance:com.tests.EmailData@100df86]" name="master" duration-ms="170382" started-at="2019-12-07T15:21:47Z" finished-at="2019-12-07T15:24:37Z">
          <reporter-output>
          </reporter-output>
        </test-method> <!-- master -->
        <test-method status="PASS" signature="closeBrowerAndDriver()[pri:0, instance:com.tests.EmailData@100df86]" name="closeBrowerAndDriver" is-config="true" duration-ms="1117" started-at="2019-12-07T15:24:37Z" finished-at="2019-12-07T15:24:38Z">
          <reporter-output>
          </reporter-output>
        </test-method> <!-- closeBrowerAndDriver -->
      </class> <!-- com.tests.EmailData -->
    </test> <!-- Default test -->
  </suite> <!-- Default suite -->
</testng-results>
